Fitter report for lab4
Thu Jun 11 17:09:12 2015
Quartus II 64-Bit Version 13.0.1 Build 232 06/12/2013 Service Pack 1 SJ Full Version


---------------------
; Table of Contents ;
---------------------
  1. Legal Notice
  2. Fitter Summary
  3. Fitter Settings
  4. Parallel Compilation
  5. Ignored Assignments
  6. Incremental Compilation Preservation Summary
  7. Incremental Compilation Partition Settings
  8. Incremental Compilation Placement Preservation
  9. Pin-Out File
 10. Fitter Resource Usage Summary
 11. Fitter Partition Statistics
 12. Input Pins
 13. Output Pins
 14. I/O Bank Usage
 15. All Package Pins
 16. PLL Summary
 17. PLL Usage
 18. Clock Delay Control Summary
 19. Output Pin Default Load For Reported TCO
 20. Fitter Resource Utilization by Entity
 21. Delay Chain Summary
 22. Pad To Core Delay Chain Fanout
 23. Control Signals
 24. Global & Other Fast Signals
 25. Non-Global High Fan-Out Signals
 26. Fitter RAM Summary
 27. Other Routing Usage Summary
 28. LAB Logic Elements
 29. LAB-wide Signals
 30. LAB Signals Sourced
 31. LAB Signals Sourced Out
 32. LAB Distinct Inputs
 33. Fitter Device Options
 34. Operating Settings and Conditions
 35. Estimated Delay Added for Hold Timing Summary
 36. Estimated Delay Added for Hold Timing Details
 37. Fitter Messages
 38. Fitter Suppressed Messages



----------------
; Legal Notice ;
----------------
Copyright (C) 1991-2013 Altera Corporation
Your use of Altera Corporation's design tools, logic functions 
and other software and tools, and its AMPP partner logic 
functions, and any output files from any of the foregoing 
(including device programming or simulation files), and any 
associated documentation or information are expressly subject 
to the terms and conditions of the Altera Program License 
Subscription Agreement, Altera MegaCore Function License 
Agreement, or other applicable license agreement, including, 
without limitation, that your use is for the sole purpose of 
programming logic devices manufactured by Altera and sold by 
Altera or its authorized distributors.  Please refer to the 
applicable agreement for further details.



+---------------------------------------------------------------------------------------+
; Fitter Summary                                                                        ;
+------------------------------------+--------------------------------------------------+
; Fitter Status                      ; Successful - Thu Jun 11 17:09:12 2015            ;
; Quartus II 64-Bit Version          ; 13.0.1 Build 232 06/12/2013 SP 1 SJ Full Version ;
; Revision Name                      ; lab4                                             ;
; Top-level Entity Name              ; lab4                                             ;
; Family                             ; Cyclone II                                       ;
; Device                             ; EP2C35F672C6                                     ;
; Timing Models                      ; Final                                            ;
; Total logic elements               ; 394 / 33,216 ( 1 % )                             ;
;     Total combinational functions  ; 382 / 33,216 ( 1 % )                             ;
;     Dedicated logic registers      ; 130 / 33,216 ( < 1 % )                           ;
; Total registers                    ; 130                                              ;
; Total pins                         ; 68 / 475 ( 14 % )                                ;
; Total virtual pins                 ; 0                                                ;
; Total memory bits                  ; 57,600 / 483,840 ( 12 % )                        ;
; Embedded Multiplier 9-bit elements ; 0 / 70 ( 0 % )                                   ;
; Total PLLs                         ; 1 / 4 ( 25 % )                                   ;
+------------------------------------+--------------------------------------------------+


+----------------------------------------------------------------------------------------------------------------------------------------------+
; Fitter Settings                                                                                                                              ;
+----------------------------------------------------------------------------+--------------------------------+--------------------------------+
; Option                                                                     ; Setting                        ; Default Value                  ;
+----------------------------------------------------------------------------+--------------------------------+--------------------------------+
; Device                                                                     ; EP2C35F672C6                   ;                                ;
; Minimum Core Junction Temperature                                          ; 0                              ;                                ;
; Maximum Core Junction Temperature                                          ; 85                             ;                                ;
; Fit Attempts to Skip                                                       ; 0                              ; 0.0                            ;
; Use smart compilation                                                      ; Off                            ; Off                            ;
; Enable parallel Assembler and TimeQuest Timing Analyzer during compilation ; On                             ; On                             ;
; Enable compact report table                                                ; Off                            ; Off                            ;
; Auto Merge PLLs                                                            ; On                             ; On                             ;
; Ignore PLL Mode When Merging PLLs                                          ; Off                            ; Off                            ;
; Router Timing Optimization Level                                           ; Normal                         ; Normal                         ;
; Placement Effort Multiplier                                                ; 1.0                            ; 1.0                            ;
; Router Effort Multiplier                                                   ; 1.0                            ; 1.0                            ;
; Always Enable Input Buffers                                                ; Off                            ; Off                            ;
; Optimize Hold Timing                                                       ; IO Paths and Minimum TPD Paths ; IO Paths and Minimum TPD Paths ;
; Optimize Multi-Corner Timing                                               ; On                             ; On                             ;
; PowerPlay Power Optimization                                               ; Normal compilation             ; Normal compilation             ;
; Optimize Timing                                                            ; Normal compilation             ; Normal compilation             ;
; Optimize Timing for ECOs                                                   ; Off                            ; Off                            ;
; Regenerate full fit report during ECO compiles                             ; Off                            ; Off                            ;
; Optimize IOC Register Placement for Timing                                 ; Normal                         ; Normal                         ;
; Limit to One Fitting Attempt                                               ; Off                            ; Off                            ;
; Final Placement Optimizations                                              ; Automatically                  ; Automatically                  ;
; Fitter Aggressive Routability Optimizations                                ; Automatically                  ; Automatically                  ;
; Fitter Initial Placement Seed                                              ; 1                              ; 1                              ;
; PCI I/O                                                                    ; Off                            ; Off                            ;
; Weak Pull-Up Resistor                                                      ; Off                            ; Off                            ;
; Enable Bus-Hold Circuitry                                                  ; Off                            ; Off                            ;
; Auto Global Memory Control Signals                                         ; Off                            ; Off                            ;
; Auto Packed Registers                                                      ; Auto                           ; Auto                           ;
; Auto Delay Chains                                                          ; On                             ; On                             ;
; Auto Delay Chains for High Fanout Input Pins                               ; Off                            ; Off                            ;
; Perform Physical Synthesis for Combinational Logic for Fitting             ; Off                            ; Off                            ;
; Perform Physical Synthesis for Combinational Logic for Performance         ; Off                            ; Off                            ;
; Perform Register Duplication for Performance                               ; Off                            ; Off                            ;
; Perform Logic to Memory Mapping for Fitting                                ; Off                            ; Off                            ;
; Perform Register Retiming for Performance                                  ; Off                            ; Off                            ;
; Perform Asynchronous Signal Pipelining                                     ; Off                            ; Off                            ;
; Fitter Effort                                                              ; Auto Fit                       ; Auto Fit                       ;
; Physical Synthesis Effort Level                                            ; Normal                         ; Normal                         ;
; Auto Global Clock                                                          ; On                             ; On                             ;
; Auto Global Register Control Signals                                       ; On                             ; On                             ;
; Force Fitter to Avoid Periphery Placement Warnings                         ; Off                            ; Off                            ;
+----------------------------------------------------------------------------+--------------------------------+--------------------------------+


+------------------------------------------+
; Parallel Compilation                     ;
+----------------------------+-------------+
; Processors                 ; Number      ;
+----------------------------+-------------+
; Number detected on machine ; 8           ;
; Maximum allowed            ; 4           ;
;                            ;             ;
; Average used               ; 1.38        ;
; Maximum used               ; 4           ;
;                            ;             ;
; Usage by Processor         ; % Time Used ;
;     Processor 1            ; 100.0%      ;
;     Processors 2-4         ;  12.5%      ;
;     Processors 5-8         ;   0.0%      ;
+----------------------------+-------------+


+-------------------------------------------------------------------------------------------+
; Ignored Assignments                                                                       ;
+----------+----------------+--------------+---------------+---------------+----------------+
; Name     ; Ignored Entity ; Ignored From ; Ignored To    ; Ignored Value ; Ignored Source ;
+----------+----------------+--------------+---------------+---------------+----------------+
; Location ;                ;              ; AUD_ADCDAT    ; PIN_B5        ; QSF Assignment ;
; Location ;                ;              ; AUD_ADCLRCK   ; PIN_C5        ; QSF Assignment ;
; Location ;                ;              ; AUD_BCLK      ; PIN_B4        ; QSF Assignment ;
; Location ;                ;              ; AUD_DACDAT    ; PIN_A4        ; QSF Assignment ;
; Location ;                ;              ; AUD_DACLRCK   ; PIN_C6        ; QSF Assignment ;
; Location ;                ;              ; AUD_XCK       ; PIN_A5        ; QSF Assignment ;
; Location ;                ;              ; CLOCK_27      ; PIN_D13       ; QSF Assignment ;
; Location ;                ;              ; DRAM_ADDR[0]  ; PIN_T6        ; QSF Assignment ;
; Location ;                ;              ; DRAM_ADDR[10] ; PIN_Y1        ; QSF Assignment ;
; Location ;                ;              ; DRAM_ADDR[11] ; PIN_V5        ; QSF Assignment ;
; Location ;                ;              ; DRAM_ADDR[1]  ; PIN_V4        ; QSF Assignment ;
; Location ;                ;              ; DRAM_ADDR[2]  ; PIN_V3        ; QSF Assignment ;
; Location ;                ;              ; DRAM_ADDR[3]  ; PIN_W2        ; QSF Assignment ;
; Location ;                ;              ; DRAM_ADDR[4]  ; PIN_W1        ; QSF Assignment ;
; Location ;                ;              ; DRAM_ADDR[5]  ; PIN_U6        ; QSF Assignment ;
; Location ;                ;              ; DRAM_ADDR[6]  ; PIN_U7        ; QSF Assignment ;
; Location ;                ;              ; DRAM_ADDR[7]  ; PIN_U5        ; QSF Assignment ;
; Location ;                ;              ; DRAM_ADDR[8]  ; PIN_W4        ; QSF Assignment ;
; Location ;                ;              ; DRAM_ADDR[9]  ; PIN_W3        ; QSF Assignment ;
; Location ;                ;              ; DRAM_BA_0     ; PIN_AE2       ; QSF Assignment ;
; Location ;                ;              ; DRAM_BA_1     ; PIN_AE3       ; QSF Assignment ;
; Location ;                ;              ; DRAM_CAS_N    ; PIN_AB3       ; QSF Assignment ;
; Location ;                ;              ; DRAM_CKE      ; PIN_AA6       ; QSF Assignment ;
; Location ;                ;              ; DRAM_CLK      ; PIN_AA7       ; QSF Assignment ;
; Location ;                ;              ; DRAM_CS_N     ; PIN_AC3       ; QSF Assignment ;
; Location ;                ;              ; DRAM_DQ[0]    ; PIN_V6        ; QSF Assignment ;
; Location ;                ;              ; DRAM_DQ[10]   ; PIN_AB1       ; QSF Assignment ;
; Location ;                ;              ; DRAM_DQ[11]   ; PIN_AA4       ; QSF Assignment ;
; Location ;                ;              ; DRAM_DQ[12]   ; PIN_AA3       ; QSF Assignment ;
; Location ;                ;              ; DRAM_DQ[13]   ; PIN_AC2       ; QSF Assignment ;
; Location ;                ;              ; DRAM_DQ[14]   ; PIN_AC1       ; QSF Assignment ;
; Location ;                ;              ; DRAM_DQ[15]   ; PIN_AA5       ; QSF Assignment ;
; Location ;                ;              ; DRAM_DQ[1]    ; PIN_AA2       ; QSF Assignment ;
; Location ;                ;              ; DRAM_DQ[2]    ; PIN_AA1       ; QSF Assignment ;
; Location ;                ;              ; DRAM_DQ[3]    ; PIN_Y3        ; QSF Assignment ;
; Location ;                ;              ; DRAM_DQ[4]    ; PIN_Y4        ; QSF Assignment ;
; Location ;                ;              ; DRAM_DQ[5]    ; PIN_R8        ; QSF Assignment ;
; Location ;                ;              ; DRAM_DQ[6]    ; PIN_T8        ; QSF Assignment ;
; Location ;                ;              ; DRAM_DQ[7]    ; PIN_V7        ; QSF Assignment ;
; Location ;                ;              ; DRAM_DQ[8]    ; PIN_W6        ; QSF Assignment ;
; Location ;                ;              ; DRAM_DQ[9]    ; PIN_AB2       ; QSF Assignment ;
; Location ;                ;              ; DRAM_LDQM     ; PIN_AD2       ; QSF Assignment ;
; Location ;                ;              ; DRAM_RAS_N    ; PIN_AB4       ; QSF Assignment ;
; Location ;                ;              ; DRAM_UDQM     ; PIN_Y5        ; QSF Assignment ;
; Location ;                ;              ; DRAM_WE_N     ; PIN_AD3       ; QSF Assignment ;
; Location ;                ;              ; ENET_CLK      ; PIN_B24       ; QSF Assignment ;
; Location ;                ;              ; ENET_CMD      ; PIN_A21       ; QSF Assignment ;
; Location ;                ;              ; ENET_CS_N     ; PIN_A23       ; QSF Assignment ;
; Location ;                ;              ; ENET_DATA[0]  ; PIN_D17       ; QSF Assignment ;
; Location ;                ;              ; ENET_DATA[10] ; PIN_C19       ; QSF Assignment ;
; Location ;                ;              ; ENET_DATA[11] ; PIN_D19       ; QSF Assignment ;
; Location ;                ;              ; ENET_DATA[12] ; PIN_B19       ; QSF Assignment ;
; Location ;                ;              ; ENET_DATA[13] ; PIN_A19       ; QSF Assignment ;
; Location ;                ;              ; ENET_DATA[14] ; PIN_E18       ; QSF Assignment ;
; Location ;                ;              ; ENET_DATA[15] ; PIN_D18       ; QSF Assignment ;
; Location ;                ;              ; ENET_DATA[1]  ; PIN_C17       ; QSF Assignment ;
; Location ;                ;              ; ENET_DATA[2]  ; PIN_B18       ; QSF Assignment ;
; Location ;                ;              ; ENET_DATA[3]  ; PIN_A18       ; QSF Assignment ;
; Location ;                ;              ; ENET_DATA[4]  ; PIN_B17       ; QSF Assignment ;
; Location ;                ;              ; ENET_DATA[5]  ; PIN_A17       ; QSF Assignment ;
; Location ;                ;              ; ENET_DATA[6]  ; PIN_B16       ; QSF Assignment ;
; Location ;                ;              ; ENET_DATA[7]  ; PIN_B15       ; QSF Assignment ;
; Location ;                ;              ; ENET_DATA[8]  ; PIN_B20       ; QSF Assignment ;
; Location ;                ;              ; ENET_DATA[9]  ; PIN_A20       ; QSF Assignment ;
; Location ;                ;              ; ENET_INT      ; PIN_B21       ; QSF Assignment ;
; Location ;                ;              ; ENET_RD_N     ; PIN_A22       ; QSF Assignment ;
; Location ;                ;              ; ENET_RST_N    ; PIN_B23       ; QSF Assignment ;
; Location ;                ;              ; ENET_WR_N     ; PIN_B22       ; QSF Assignment ;
; Location ;                ;              ; EXT_CLOCK     ; PIN_P26       ; QSF Assignment ;
; Location ;                ;              ; FL_ADDR[0]    ; PIN_AC18      ; QSF Assignment ;
; Location ;                ;              ; FL_ADDR[10]   ; PIN_AE17      ; QSF Assignment ;
; Location ;                ;              ; FL_ADDR[11]   ; PIN_AF17      ; QSF Assignment ;
; Location ;                ;              ; FL_ADDR[12]   ; PIN_W16       ; QSF Assignment ;
; Location ;                ;              ; FL_ADDR[13]   ; PIN_W15       ; QSF Assignment ;
; Location ;                ;              ; FL_ADDR[14]   ; PIN_AC16      ; QSF Assignment ;
; Location ;                ;              ; FL_ADDR[15]   ; PIN_AD16      ; QSF Assignment ;
; Location ;                ;              ; FL_ADDR[16]   ; PIN_AE16      ; QSF Assignment ;
; Location ;                ;              ; FL_ADDR[17]   ; PIN_AC15      ; QSF Assignment ;
; Location ;                ;              ; FL_ADDR[18]   ; PIN_AB15      ; QSF Assignment ;
; Location ;                ;              ; FL_ADDR[19]   ; PIN_AA15      ; QSF Assignment ;
; Location ;                ;              ; FL_ADDR[1]    ; PIN_AB18      ; QSF Assignment ;
; Location ;                ;              ; FL_ADDR[20]   ; PIN_Y15       ; QSF Assignment ;
; Location ;                ;              ; FL_ADDR[21]   ; PIN_Y14       ; QSF Assignment ;
; Location ;                ;              ; FL_ADDR[2]    ; PIN_AE19      ; QSF Assignment ;
; Location ;                ;              ; FL_ADDR[3]    ; PIN_AF19      ; QSF Assignment ;
; Location ;                ;              ; FL_ADDR[4]    ; PIN_AE18      ; QSF Assignment ;
; Location ;                ;              ; FL_ADDR[5]    ; PIN_AF18      ; QSF Assignment ;
; Location ;                ;              ; FL_ADDR[6]    ; PIN_Y16       ; QSF Assignment ;
; Location ;                ;              ; FL_ADDR[7]    ; PIN_AA16      ; QSF Assignment ;
; Location ;                ;              ; FL_ADDR[8]    ; PIN_AD17      ; QSF Assignment ;
; Location ;                ;              ; FL_ADDR[9]    ; PIN_AC17      ; QSF Assignment ;
; Location ;                ;              ; FL_CE_N       ; PIN_V17       ; QSF Assignment ;
; Location ;                ;              ; FL_DQ[0]      ; PIN_AD19      ; QSF Assignment ;
; Location ;                ;              ; FL_DQ[1]      ; PIN_AC19      ; QSF Assignment ;
; Location ;                ;              ; FL_DQ[2]      ; PIN_AF20      ; QSF Assignment ;
; Location ;                ;              ; FL_DQ[3]      ; PIN_AE20      ; QSF Assignment ;
; Location ;                ;              ; FL_DQ[4]      ; PIN_AB20      ; QSF Assignment ;
; Location ;                ;              ; FL_DQ[5]      ; PIN_AC20      ; QSF Assignment ;
; Location ;                ;              ; FL_DQ[6]      ; PIN_AF21      ; QSF Assignment ;
; Location ;                ;              ; FL_DQ[7]      ; PIN_AE21      ; QSF Assignment ;
; Location ;                ;              ; FL_OE_N       ; PIN_W17       ; QSF Assignment ;
; Location ;                ;              ; FL_RST_N      ; PIN_AA18      ; QSF Assignment ;
; Location ;                ;              ; FL_WE_N       ; PIN_AA17      ; QSF Assignment ;
; Location ;                ;              ; GPIO_0[0]     ; PIN_D25       ; QSF Assignment ;
; Location ;                ;              ; GPIO_0[10]    ; PIN_N18       ; QSF Assignment ;
; Location ;                ;              ; GPIO_0[11]    ; PIN_P18       ; QSF Assignment ;
; Location ;                ;              ; GPIO_0[12]    ; PIN_G23       ; QSF Assignment ;
; Location ;                ;              ; GPIO_0[13]    ; PIN_G24       ; QSF Assignment ;
; Location ;                ;              ; GPIO_0[14]    ; PIN_K22       ; QSF Assignment ;
; Location ;                ;              ; GPIO_0[15]    ; PIN_G25       ; QSF Assignment ;
; Location ;                ;              ; GPIO_0[16]    ; PIN_H23       ; QSF Assignment ;
; Location ;                ;              ; GPIO_0[17]    ; PIN_H24       ; QSF Assignment ;
; Location ;                ;              ; GPIO_0[18]    ; PIN_J23       ; QSF Assignment ;
; Location ;                ;              ; GPIO_0[19]    ; PIN_J24       ; QSF Assignment ;
; Location ;                ;              ; GPIO_0[1]     ; PIN_J22       ; QSF Assignment ;
; Location ;                ;              ; GPIO_0[20]    ; PIN_H25       ; QSF Assignment ;
; Location ;                ;              ; GPIO_0[21]    ; PIN_H26       ; QSF Assignment ;
; Location ;                ;              ; GPIO_0[22]    ; PIN_H19       ; QSF Assignment ;
; Location ;                ;              ; GPIO_0[23]    ; PIN_K18       ; QSF Assignment ;
; Location ;                ;              ; GPIO_0[24]    ; PIN_K19       ; QSF Assignment ;
; Location ;                ;              ; GPIO_0[25]    ; PIN_K21       ; QSF Assignment ;
; Location ;                ;              ; GPIO_0[26]    ; PIN_K23       ; QSF Assignment ;
; Location ;                ;              ; GPIO_0[27]    ; PIN_K24       ; QSF Assignment ;
; Location ;                ;              ; GPIO_0[28]    ; PIN_L21       ; QSF Assignment ;
; Location ;                ;              ; GPIO_0[29]    ; PIN_L20       ; QSF Assignment ;
; Location ;                ;              ; GPIO_0[2]     ; PIN_E26       ; QSF Assignment ;
; Location ;                ;              ; GPIO_0[30]    ; PIN_J25       ; QSF Assignment ;
; Location ;                ;              ; GPIO_0[31]    ; PIN_J26       ; QSF Assignment ;
; Location ;                ;              ; GPIO_0[32]    ; PIN_L23       ; QSF Assignment ;
; Location ;                ;              ; GPIO_0[33]    ; PIN_L24       ; QSF Assignment ;
; Location ;                ;              ; GPIO_0[34]    ; PIN_L25       ; QSF Assignment ;
; Location ;                ;              ; GPIO_0[35]    ; PIN_L19       ; QSF Assignment ;
; Location ;                ;              ; GPIO_0[3]     ; PIN_E25       ; QSF Assignment ;
; Location ;                ;              ; GPIO_0[4]     ; PIN_F24       ; QSF Assignment ;
; Location ;                ;              ; GPIO_0[5]     ; PIN_F23       ; QSF Assignment ;
; Location ;                ;              ; GPIO_0[6]     ; PIN_J21       ; QSF Assignment ;
; Location ;                ;              ; GPIO_0[7]     ; PIN_J20       ; QSF Assignment ;
; Location ;                ;              ; GPIO_0[8]     ; PIN_F25       ; QSF Assignment ;
; Location ;                ;              ; GPIO_0[9]     ; PIN_F26       ; QSF Assignment ;
; Location ;                ;              ; GPIO_1[0]     ; PIN_K25       ; QSF Assignment ;
; Location ;                ;              ; GPIO_1[10]    ; PIN_N24       ; QSF Assignment ;
; Location ;                ;              ; GPIO_1[11]    ; PIN_P24       ; QSF Assignment ;
; Location ;                ;              ; GPIO_1[12]    ; PIN_R25       ; QSF Assignment ;
; Location ;                ;              ; GPIO_1[13]    ; PIN_R24       ; QSF Assignment ;
; Location ;                ;              ; GPIO_1[14]    ; PIN_R20       ; QSF Assignment ;
; Location ;                ;              ; GPIO_1[15]    ; PIN_T22       ; QSF Assignment ;
; Location ;                ;              ; GPIO_1[16]    ; PIN_T23       ; QSF Assignment ;
; Location ;                ;              ; GPIO_1[17]    ; PIN_T24       ; QSF Assignment ;
; Location ;                ;              ; GPIO_1[18]    ; PIN_T25       ; QSF Assignment ;
; Location ;                ;              ; GPIO_1[19]    ; PIN_T18       ; QSF Assignment ;
; Location ;                ;              ; GPIO_1[1]     ; PIN_K26       ; QSF Assignment ;
; Location ;                ;              ; GPIO_1[20]    ; PIN_T21       ; QSF Assignment ;
; Location ;                ;              ; GPIO_1[21]    ; PIN_T20       ; QSF Assignment ;
; Location ;                ;              ; GPIO_1[22]    ; PIN_U26       ; QSF Assignment ;
; Location ;                ;              ; GPIO_1[23]    ; PIN_U25       ; QSF Assignment ;
; Location ;                ;              ; GPIO_1[24]    ; PIN_U23       ; QSF Assignment ;
; Location ;                ;              ; GPIO_1[25]    ; PIN_U24       ; QSF Assignment ;
; Location ;                ;              ; GPIO_1[26]    ; PIN_R19       ; QSF Assignment ;
; Location ;                ;              ; GPIO_1[27]    ; PIN_T19       ; QSF Assignment ;
; Location ;                ;              ; GPIO_1[28]    ; PIN_U20       ; QSF Assignment ;
; Location ;                ;              ; GPIO_1[29]    ; PIN_U21       ; QSF Assignment ;
; Location ;                ;              ; GPIO_1[2]     ; PIN_M22       ; QSF Assignment ;
; Location ;                ;              ; GPIO_1[30]    ; PIN_V26       ; QSF Assignment ;
; Location ;                ;              ; GPIO_1[31]    ; PIN_V25       ; QSF Assignment ;
; Location ;                ;              ; GPIO_1[32]    ; PIN_V24       ; QSF Assignment ;
; Location ;                ;              ; GPIO_1[33]    ; PIN_V23       ; QSF Assignment ;
; Location ;                ;              ; GPIO_1[34]    ; PIN_W25       ; QSF Assignment ;
; Location ;                ;              ; GPIO_1[35]    ; PIN_W23       ; QSF Assignment ;
; Location ;                ;              ; GPIO_1[3]     ; PIN_M23       ; QSF Assignment ;
; Location ;                ;              ; GPIO_1[4]     ; PIN_M19       ; QSF Assignment ;
; Location ;                ;              ; GPIO_1[5]     ; PIN_M20       ; QSF Assignment ;
; Location ;                ;              ; GPIO_1[6]     ; PIN_N20       ; QSF Assignment ;
; Location ;                ;              ; GPIO_1[7]     ; PIN_M21       ; QSF Assignment ;
; Location ;                ;              ; GPIO_1[8]     ; PIN_M24       ; QSF Assignment ;
; Location ;                ;              ; GPIO_1[9]     ; PIN_M25       ; QSF Assignment ;
; Location ;                ;              ; HEX0[0]       ; PIN_AF10      ; QSF Assignment ;
; Location ;                ;              ; HEX0[1]       ; PIN_AB12      ; QSF Assignment ;
; Location ;                ;              ; HEX0[2]       ; PIN_AC12      ; QSF Assignment ;
; Location ;                ;              ; HEX0[3]       ; PIN_AD11      ; QSF Assignment ;
; Location ;                ;              ; HEX0[4]       ; PIN_AE11      ; QSF Assignment ;
; Location ;                ;              ; HEX0[5]       ; PIN_V14       ; QSF Assignment ;
; Location ;                ;              ; HEX0[6]       ; PIN_V13       ; QSF Assignment ;
; Location ;                ;              ; HEX1[0]       ; PIN_V20       ; QSF Assignment ;
; Location ;                ;              ; HEX1[1]       ; PIN_V21       ; QSF Assignment ;
; Location ;                ;              ; HEX1[2]       ; PIN_W21       ; QSF Assignment ;
; Location ;                ;              ; HEX1[3]       ; PIN_Y22       ; QSF Assignment ;
; Location ;                ;              ; HEX1[4]       ; PIN_AA24      ; QSF Assignment ;
; Location ;                ;              ; HEX1[5]       ; PIN_AA23      ; QSF Assignment ;
; Location ;                ;              ; HEX1[6]       ; PIN_AB24      ; QSF Assignment ;
; Location ;                ;              ; HEX2[0]       ; PIN_AB23      ; QSF Assignment ;
; Location ;                ;              ; HEX2[1]       ; PIN_V22       ; QSF Assignment ;
; Location ;                ;              ; HEX2[2]       ; PIN_AC25      ; QSF Assignment ;
; Location ;                ;              ; HEX2[3]       ; PIN_AC26      ; QSF Assignment ;
; Location ;                ;              ; HEX2[4]       ; PIN_AB26      ; QSF Assignment ;
; Location ;                ;              ; HEX2[5]       ; PIN_AB25      ; QSF Assignment ;
; Location ;                ;              ; HEX2[6]       ; PIN_Y24       ; QSF Assignment ;
; Location ;                ;              ; HEX3[0]       ; PIN_Y23       ; QSF Assignment ;
; Location ;                ;              ; HEX3[1]       ; PIN_AA25      ; QSF Assignment ;
; Location ;                ;              ; HEX3[2]       ; PIN_AA26      ; QSF Assignment ;
; Location ;                ;              ; HEX3[3]       ; PIN_Y26       ; QSF Assignment ;
; Location ;                ;              ; HEX3[4]       ; PIN_Y25       ; QSF Assignment ;
; Location ;                ;              ; HEX3[5]       ; PIN_U22       ; QSF Assignment ;
; Location ;                ;              ; HEX3[6]       ; PIN_W24       ; QSF Assignment ;
; Location ;                ;              ; HEX4[0]       ; PIN_U9        ; QSF Assignment ;
; Location ;                ;              ; HEX4[1]       ; PIN_U1        ; QSF Assignment ;
; Location ;                ;              ; HEX4[2]       ; PIN_U2        ; QSF Assignment ;
; Location ;                ;              ; HEX4[3]       ; PIN_T4        ; QSF Assignment ;
; Location ;                ;              ; HEX4[4]       ; PIN_R7        ; QSF Assignment ;
; Location ;                ;              ; HEX4[5]       ; PIN_R6        ; QSF Assignment ;
; Location ;                ;              ; HEX4[6]       ; PIN_T3        ; QSF Assignment ;
; Location ;                ;              ; HEX5[0]       ; PIN_T2        ; QSF Assignment ;
; Location ;                ;              ; HEX5[1]       ; PIN_P6        ; QSF Assignment ;
; Location ;                ;              ; HEX5[2]       ; PIN_P7        ; QSF Assignment ;
; Location ;                ;              ; HEX5[3]       ; PIN_T9        ; QSF Assignment ;
; Location ;                ;              ; HEX5[4]       ; PIN_R5        ; QSF Assignment ;
; Location ;                ;              ; HEX5[5]       ; PIN_R4        ; QSF Assignment ;
; Location ;                ;              ; HEX5[6]       ; PIN_R3        ; QSF Assignment ;
; Location ;                ;              ; HEX6[0]       ; PIN_R2        ; QSF Assignment ;
; Location ;                ;              ; HEX6[1]       ; PIN_P4        ; QSF Assignment ;
; Location ;                ;              ; HEX6[2]       ; PIN_P3        ; QSF Assignment ;
; Location ;                ;              ; HEX6[3]       ; PIN_M2        ; QSF Assignment ;
; Location ;                ;              ; HEX6[4]       ; PIN_M3        ; QSF Assignment ;
; Location ;                ;              ; HEX6[5]       ; PIN_M5        ; QSF Assignment ;
; Location ;                ;              ; HEX6[6]       ; PIN_M4        ; QSF Assignment ;
; Location ;                ;              ; HEX7[0]       ; PIN_L3        ; QSF Assignment ;
; Location ;                ;              ; HEX7[1]       ; PIN_L2        ; QSF Assignment ;
; Location ;                ;              ; HEX7[2]       ; PIN_L9        ; QSF Assignment ;
; Location ;                ;              ; HEX7[3]       ; PIN_L6        ; QSF Assignment ;
; Location ;                ;              ; HEX7[4]       ; PIN_L7        ; QSF Assignment ;
; Location ;                ;              ; HEX7[5]       ; PIN_P9        ; QSF Assignment ;
; Location ;                ;              ; HEX7[6]       ; PIN_N9        ; QSF Assignment ;
; Location ;                ;              ; I2C_SCLK      ; PIN_A6        ; QSF Assignment ;
; Location ;                ;              ; I2C_SDAT      ; PIN_B6        ; QSF Assignment ;
; Location ;                ;              ; IRDA_RXD      ; PIN_AE25      ; QSF Assignment ;
; Location ;                ;              ; IRDA_TXD      ; PIN_AE24      ; QSF Assignment ;
; Location ;                ;              ; LCD_BLON      ; PIN_K2        ; QSF Assignment ;
; Location ;                ;              ; LCD_DATA[0]   ; PIN_J1        ; QSF Assignment ;
; Location ;                ;              ; LCD_DATA[1]   ; PIN_J2        ; QSF Assignment ;
; Location ;                ;              ; LCD_DATA[2]   ; PIN_H1        ; QSF Assignment ;
; Location ;                ;              ; LCD_DATA[3]   ; PIN_H2        ; QSF Assignment ;
; Location ;                ;              ; LCD_DATA[4]   ; PIN_J4        ; QSF Assignment ;
; Location ;                ;              ; LCD_DATA[5]   ; PIN_J3        ; QSF Assignment ;
; Location ;                ;              ; LCD_DATA[6]   ; PIN_H4        ; QSF Assignment ;
; Location ;                ;              ; LCD_DATA[7]   ; PIN_H3        ; QSF Assignment ;
; Location ;                ;              ; LCD_EN        ; PIN_K3        ; QSF Assignment ;
; Location ;                ;              ; LCD_ON        ; PIN_L4        ; QSF Assignment ;
; Location ;                ;              ; LCD_RS        ; PIN_K1        ; QSF Assignment ;
; Location ;                ;              ; LCD_RW        ; PIN_K4        ; QSF Assignment ;
; Location ;                ;              ; LEDG[8]       ; PIN_Y12       ; QSF Assignment ;
; Location ;                ;              ; LEDR[0]       ; PIN_AE23      ; QSF Assignment ;
; Location ;                ;              ; LEDR[10]      ; PIN_AA13      ; QSF Assignment ;
; Location ;                ;              ; LEDR[11]      ; PIN_AC14      ; QSF Assignment ;
; Location ;                ;              ; LEDR[12]      ; PIN_AD15      ; QSF Assignment ;
; Location ;                ;              ; LEDR[13]      ; PIN_AE15      ; QSF Assignment ;
; Location ;                ;              ; LEDR[14]      ; PIN_AF13      ; QSF Assignment ;
; Location ;                ;              ; LEDR[15]      ; PIN_AE13      ; QSF Assignment ;
; Location ;                ;              ; LEDR[16]      ; PIN_AE12      ; QSF Assignment ;
; Location ;                ;              ; LEDR[17]      ; PIN_AD12      ; QSF Assignment ;
; Location ;                ;              ; LEDR[1]       ; PIN_AF23      ; QSF Assignment ;
; Location ;                ;              ; LEDR[2]       ; PIN_AB21      ; QSF Assignment ;
; Location ;                ;              ; LEDR[3]       ; PIN_AC22      ; QSF Assignment ;
; Location ;                ;              ; LEDR[4]       ; PIN_AD22      ; QSF Assignment ;
; Location ;                ;              ; LEDR[5]       ; PIN_AD23      ; QSF Assignment ;
; Location ;                ;              ; LEDR[6]       ; PIN_AD21      ; QSF Assignment ;
; Location ;                ;              ; LEDR[7]       ; PIN_AC21      ; QSF Assignment ;
; Location ;                ;              ; LEDR[8]       ; PIN_AA14      ; QSF Assignment ;
; Location ;                ;              ; LEDR[9]       ; PIN_Y13       ; QSF Assignment ;
; Location ;                ;              ; OTG_ADDR[0]   ; PIN_K7        ; QSF Assignment ;
; Location ;                ;              ; OTG_ADDR[1]   ; PIN_F2        ; QSF Assignment ;
; Location ;                ;              ; OTG_CS_N      ; PIN_F1        ; QSF Assignment ;
; Location ;                ;              ; OTG_DACK0_N   ; PIN_C2        ; QSF Assignment ;
; Location ;                ;              ; OTG_DACK1_N   ; PIN_B2        ; QSF Assignment ;
; Location ;                ;              ; OTG_DATA[0]   ; PIN_F4        ; QSF Assignment ;
; Location ;                ;              ; OTG_DATA[10]  ; PIN_K6        ; QSF Assignment ;
; Location ;                ;              ; OTG_DATA[11]  ; PIN_K5        ; QSF Assignment ;
; Location ;                ;              ; OTG_DATA[12]  ; PIN_G4        ; QSF Assignment ;
; Location ;                ;              ; OTG_DATA[13]  ; PIN_G3        ; QSF Assignment ;
; Location ;                ;              ; OTG_DATA[14]  ; PIN_J6        ; QSF Assignment ;
; Location ;                ;              ; OTG_DATA[15]  ; PIN_K8        ; QSF Assignment ;
; Location ;                ;              ; OTG_DATA[1]   ; PIN_D2        ; QSF Assignment ;
; Location ;                ;              ; OTG_DATA[2]   ; PIN_D1        ; QSF Assignment ;
; Location ;                ;              ; OTG_DATA[3]   ; PIN_F7        ; QSF Assignment ;
; Location ;                ;              ; OTG_DATA[4]   ; PIN_J5        ; QSF Assignment ;
; Location ;                ;              ; OTG_DATA[5]   ; PIN_J8        ; QSF Assignment ;
; Location ;                ;              ; OTG_DATA[6]   ; PIN_J7        ; QSF Assignment ;
; Location ;                ;              ; OTG_DATA[7]   ; PIN_H6        ; QSF Assignment ;
; Location ;                ;              ; OTG_DATA[8]   ; PIN_E2        ; QSF Assignment ;
; Location ;                ;              ; OTG_DATA[9]   ; PIN_E1        ; QSF Assignment ;
; Location ;                ;              ; OTG_DREQ0     ; PIN_F6        ; QSF Assignment ;
; Location ;                ;              ; OTG_DREQ1     ; PIN_E5        ; QSF Assignment ;
; Location ;                ;              ; OTG_FSPEED    ; PIN_F3        ; QSF Assignment ;
; Location ;                ;              ; OTG_INT0      ; PIN_B3        ; QSF Assignment ;
; Location ;                ;              ; OTG_INT1      ; PIN_C3        ; QSF Assignment ;
; Location ;                ;              ; OTG_LSPEED    ; PIN_G6        ; QSF Assignment ;
; Location ;                ;              ; OTG_RD_N      ; PIN_G2        ; QSF Assignment ;
; Location ;                ;              ; OTG_RST_N     ; PIN_G5        ; QSF Assignment ;
; Location ;                ;              ; OTG_WR_N      ; PIN_G1        ; QSF Assignment ;
; Location ;                ;              ; PS2_CLK       ; PIN_D26       ; QSF Assignment ;
; Location ;                ;              ; PS2_DAT       ; PIN_C24       ; QSF Assignment ;
; Location ;                ;              ; SD_CLK        ; PIN_AD25      ; QSF Assignment ;
; Location ;                ;              ; SD_CMD        ; PIN_Y21       ; QSF Assignment ;
; Location ;                ;              ; SD_DAT        ; PIN_AD24      ; QSF Assignment ;
; Location ;                ;              ; SD_DAT3       ; PIN_AC23      ; QSF Assignment ;
; Location ;                ;              ; SRAM_ADDR[0]  ; PIN_AE4       ; QSF Assignment ;
; Location ;                ;              ; SRAM_ADDR[10] ; PIN_V10       ; QSF Assignment ;
; Location ;                ;              ; SRAM_ADDR[11] ; PIN_V9        ; QSF Assignment ;
; Location ;                ;              ; SRAM_ADDR[12] ; PIN_AC7       ; QSF Assignment ;
; Location ;                ;              ; SRAM_ADDR[13] ; PIN_W8        ; QSF Assignment ;
; Location ;                ;              ; SRAM_ADDR[14] ; PIN_W10       ; QSF Assignment ;
; Location ;                ;              ; SRAM_ADDR[15] ; PIN_Y10       ; QSF Assignment ;
; Location ;                ;              ; SRAM_ADDR[16] ; PIN_AB8       ; QSF Assignment ;
; Location ;                ;              ; SRAM_ADDR[17] ; PIN_AC8       ; QSF Assignment ;
; Location ;                ;              ; SRAM_ADDR[1]  ; PIN_AF4       ; QSF Assignment ;
; Location ;                ;              ; SRAM_ADDR[2]  ; PIN_AC5       ; QSF Assignment ;
; Location ;                ;              ; SRAM_ADDR[3]  ; PIN_AC6       ; QSF Assignment ;
; Location ;                ;              ; SRAM_ADDR[4]  ; PIN_AD4       ; QSF Assignment ;
; Location ;                ;              ; SRAM_ADDR[5]  ; PIN_AD5       ; QSF Assignment ;
; Location ;                ;              ; SRAM_ADDR[6]  ; PIN_AE5       ; QSF Assignment ;
; Location ;                ;              ; SRAM_ADDR[7]  ; PIN_AF5       ; QSF Assignment ;
; Location ;                ;              ; SRAM_ADDR[8]  ; PIN_AD6       ; QSF Assignment ;
; Location ;                ;              ; SRAM_ADDR[9]  ; PIN_AD7       ; QSF Assignment ;
; Location ;                ;              ; SRAM_CE_N     ; PIN_AC11      ; QSF Assignment ;
; Location ;                ;              ; SRAM_DQ[0]    ; PIN_AD8       ; QSF Assignment ;
; Location ;                ;              ; SRAM_DQ[10]   ; PIN_AE8       ; QSF Assignment ;
; Location ;                ;              ; SRAM_DQ[11]   ; PIN_AF8       ; QSF Assignment ;
; Location ;                ;              ; SRAM_DQ[12]   ; PIN_W11       ; QSF Assignment ;
; Location ;                ;              ; SRAM_DQ[13]   ; PIN_W12       ; QSF Assignment ;
; Location ;                ;              ; SRAM_DQ[14]   ; PIN_AC9       ; QSF Assignment ;
; Location ;                ;              ; SRAM_DQ[15]   ; PIN_AC10      ; QSF Assignment ;
; Location ;                ;              ; SRAM_DQ[1]    ; PIN_AE6       ; QSF Assignment ;
; Location ;                ;              ; SRAM_DQ[2]    ; PIN_AF6       ; QSF Assignment ;
; Location ;                ;              ; SRAM_DQ[3]    ; PIN_AA9       ; QSF Assignment ;
; Location ;                ;              ; SRAM_DQ[4]    ; PIN_AA10      ; QSF Assignment ;
; Location ;                ;              ; SRAM_DQ[5]    ; PIN_AB10      ; QSF Assignment ;
; Location ;                ;              ; SRAM_DQ[6]    ; PIN_AA11      ; QSF Assignment ;
; Location ;                ;              ; SRAM_DQ[7]    ; PIN_Y11       ; QSF Assignment ;
; Location ;                ;              ; SRAM_DQ[8]    ; PIN_AE7       ; QSF Assignment ;
; Location ;                ;              ; SRAM_DQ[9]    ; PIN_AF7       ; QSF Assignment ;
; Location ;                ;              ; SRAM_LB_N     ; PIN_AE9       ; QSF Assignment ;
; Location ;                ;              ; SRAM_OE_N     ; PIN_AD10      ; QSF Assignment ;
; Location ;                ;              ; SRAM_UB_N     ; PIN_AF9       ; QSF Assignment ;
; Location ;                ;              ; SRAM_WE_N     ; PIN_AE10      ; QSF Assignment ;
; Location ;                ;              ; TCK           ; PIN_D14       ; QSF Assignment ;
; Location ;                ;              ; TCS           ; PIN_A14       ; QSF Assignment ;
; Location ;                ;              ; TDI           ; PIN_B14       ; QSF Assignment ;
; Location ;                ;              ; TDO           ; PIN_F14       ; QSF Assignment ;
; Location ;                ;              ; TD_DATA[0]    ; PIN_J9        ; QSF Assignment ;
; Location ;                ;              ; TD_DATA[1]    ; PIN_E8        ; QSF Assignment ;
; Location ;                ;              ; TD_DATA[2]    ; PIN_H8        ; QSF Assignment ;
; Location ;                ;              ; TD_DATA[3]    ; PIN_H10       ; QSF Assignment ;
; Location ;                ;              ; TD_DATA[4]    ; PIN_G9        ; QSF Assignment ;
; Location ;                ;              ; TD_DATA[5]    ; PIN_F9        ; QSF Assignment ;
; Location ;                ;              ; TD_DATA[6]    ; PIN_D7        ; QSF Assignment ;
; Location ;                ;              ; TD_DATA[7]    ; PIN_C7        ; QSF Assignment ;
; Location ;                ;              ; TD_HS         ; PIN_D5        ; QSF Assignment ;
; Location ;                ;              ; TD_VS         ; PIN_K9        ; QSF Assignment ;
; Location ;                ;              ; UART_RXD      ; PIN_C25       ; QSF Assignment ;
; Location ;                ;              ; UART_TXD      ; PIN_B25       ; QSF Assignment ;
+----------+----------------+--------------+---------------+---------------+----------------+


+----------------------------------------------+
; Incremental Compilation Preservation Summary ;
+---------------------+------------------------+
; Type                ; Value                  ;
+---------------------+------------------------+
; Placement (by node) ;                        ;
;     -- Requested    ; 0 / 606 ( 0.00 % )     ;
;     -- Achieved     ; 0 / 606 ( 0.00 % )     ;
;                     ;                        ;
; Routing (by net)    ;                        ;
;     -- Requested    ; 0 / 0 ( 0.00 % )       ;
;     -- Achieved     ; 0 / 0 ( 0.00 % )       ;
+---------------------+------------------------+


+----------------------------------------------------------------------------------------------------------------------------------------------------------------------------------------+
; Incremental Compilation Partition Settings                                                                                                                                             ;
+--------------------------------+----------------+-------------------+-------------------------+------------------------+------------------------------+--------------------------------+
; Partition Name                 ; Partition Type ; Netlist Type Used ; Preservation Level Used ; Netlist Type Requested ; Preservation Level Requested ; Contents                       ;
+--------------------------------+----------------+-------------------+-------------------------+------------------------+------------------------------+--------------------------------+
; Top                            ; User-created   ; Source File       ; N/A                     ; Source File            ; N/A                          ;                                ;
; hard_block:auto_generated_inst ; Auto-generated ; Source File       ; N/A                     ; Source File            ; N/A                          ; hard_block:auto_generated_inst ;
+--------------------------------+----------------+-------------------+-------------------------+------------------------+------------------------------+--------------------------------+


+------------------------------------------------------------------------------------------------------------+
; Incremental Compilation Placement Preservation                                                             ;
+--------------------------------+---------+-------------------+-------------------------+-------------------+
; Partition Name                 ; # Nodes ; # Preserved Nodes ; Preservation Level Used ; Netlist Type Used ;
+--------------------------------+---------+-------------------+-------------------------+-------------------+
; Top                            ; 599     ; 0                 ; N/A                     ; Source File       ;
; hard_block:auto_generated_inst ; 7       ; 0                 ; N/A                     ; Source File       ;
+--------------------------------+---------+-------------------+-------------------------+-------------------+


+--------------+
; Pin-Out File ;
+--------------+
The pin-out file can be found in Z:/EECE353/Lab4/output_files/lab4.pin.


+-------------------------------------------------------------------------+
; Fitter Resource Usage Summary                                           ;
+---------------------------------------------+---------------------------+
; Resource                                    ; Usage                     ;
+---------------------------------------------+---------------------------+
; Total logic elements                        ; 394 / 33,216 ( 1 % )      ;
;     -- Combinational with no register       ; 264                       ;
;     -- Register only                        ; 12                        ;
;     -- Combinational with a register        ; 118                       ;
;                                             ;                           ;
; Logic element usage by number of LUT inputs ;                           ;
;     -- 4 input functions                    ; 101                       ;
;     -- 3 input functions                    ; 178                       ;
;     -- <=2 input functions                  ; 103                       ;
;     -- Register only                        ; 12                        ;
;                                             ;                           ;
; Logic elements by mode                      ;                           ;
;     -- normal mode                          ; 233                       ;
;     -- arithmetic mode                      ; 149                       ;
;                                             ;                           ;
; Total registers*                            ; 130 / 34,593 ( < 1 % )    ;
;     -- Dedicated logic registers            ; 130 / 33,216 ( < 1 % )    ;
;     -- I/O registers                        ; 0 / 1,377 ( 0 % )         ;
;                                             ;                           ;
; Total LABs:  partially or completely used   ; 37 / 2,076 ( 2 % )        ;
; Virtual pins                                ; 0                         ;
; I/O pins                                    ; 68 / 475 ( 14 % )         ;
;     -- Clock pins                           ; 8 / 8 ( 100 % )           ;
;                                             ;                           ;
; Global signals                              ; 6                         ;
; M4Ks                                        ; 15 / 105 ( 14 % )         ;
; Total block memory bits                     ; 57,600 / 483,840 ( 12 % ) ;
; Total block memory implementation bits      ; 69,120 / 483,840 ( 14 % ) ;
; Embedded Multiplier 9-bit elements          ; 0 / 70 ( 0 % )            ;
; PLLs                                        ; 1 / 4 ( 25 % )            ;
; Global clocks                               ; 6 / 16 ( 38 % )           ;
; JTAGs                                       ; 0 / 1 ( 0 % )             ;
; ASMI blocks                                 ; 0 / 1 ( 0 % )             ;
; CRC blocks                                  ; 0 / 1 ( 0 % )             ;
; Average interconnect usage (total/H/V)      ; 0% / 0% / 0%              ;
; Peak interconnect usage (total/H/V)         ; 4% / 5% / 3%              ;
; Maximum fan-out                             ; 110                       ;
; Highest non-global fan-out                  ; 53                        ;
; Total fan-out                               ; 2092                      ;
; Average fan-out                             ; 3.41                      ;
+---------------------------------------------+---------------------------+
*  Register count does not include registers inside RAM blocks or DSP blocks.



+------------------------------------------------------------------------------------------------------+
; Fitter Partition Statistics                                                                          ;
+---------------------------------------------+-----------------------+--------------------------------+
; Statistic                                   ; Top                   ; hard_block:auto_generated_inst ;
+---------------------------------------------+-----------------------+--------------------------------+
; Difficulty Clustering Region                ; Low                   ; Low                            ;
;                                             ;                       ;                                ;
; Total logic elements                        ; 394 / 33216 ( 1 % )   ; 0 / 33216 ( 0 % )              ;
;     -- Combinational with no register       ; 264                   ; 0                              ;
;     -- Register only                        ; 12                    ; 0                              ;
;     -- Combinational with a register        ; 118                   ; 0                              ;
;                                             ;                       ;                                ;
; Logic element usage by number of LUT inputs ;                       ;                                ;
;     -- 4 input functions                    ; 101                   ; 0                              ;
;     -- 3 input functions                    ; 178                   ; 0                              ;
;     -- <=2 input functions                  ; 103                   ; 0                              ;
;     -- Register only                        ; 12                    ; 0                              ;
;                                             ;                       ;                                ;
; Logic elements by mode                      ;                       ;                                ;
;     -- normal mode                          ; 233                   ; 0                              ;
;     -- arithmetic mode                      ; 149                   ; 0                              ;
;                                             ;                       ;                                ;
; Total registers                             ; 130                   ; 0                              ;
;     -- Dedicated logic registers            ; 130 / 33216 ( < 1 % ) ; 0 / 33216 ( 0 % )              ;
;                                             ;                       ;                                ;
; Total LABs:  partially or completely used   ; 37 / 2076 ( 2 % )     ; 0 / 2076 ( 0 % )               ;
;                                             ;                       ;                                ;
; Virtual pins                                ; 0                     ; 0                              ;
; I/O pins                                    ; 66                    ; 2                              ;
; Embedded Multiplier 9-bit elements          ; 0 / 70 ( 0 % )        ; 0 / 70 ( 0 % )                 ;
; Total memory bits                           ; 57600                 ; 0                              ;
; Total RAM block bits                        ; 69120                 ; 0                              ;
; PLL                                         ; 0 / 4 ( 0 % )         ; 1 / 4 ( 25 % )                 ;
; M4K                                         ; 15 / 105 ( 14 % )     ; 0 / 105 ( 0 % )                ;
; Clock control block                         ; 5 / 20 ( 25 % )       ; 1 / 20 ( 5 % )                 ;
; Clock delay control block                   ; 1 / 16 ( 6 % )        ; 0 / 16 ( 0 % )                 ;
;                                             ;                       ;                                ;
; Connections                                 ;                       ;                                ;
;     -- Input Connections                    ; 48                    ; 1                              ;
;     -- Registered Input Connections         ; 47                    ; 0                              ;
;     -- Output Connections                   ; 1                     ; 48                             ;
;     -- Registered Output Connections        ; 0                     ; 0                              ;
;                                             ;                       ;                                ;
; Internal Connections                        ;                       ;                                ;
;     -- Total Connections                    ; 2091                  ; 50                             ;
;     -- Registered Connections               ; 728                   ; 0                              ;
;                                             ;                       ;                                ;
; External Connections                        ;                       ;                                ;
;     -- Top                                  ; 0                     ; 49                             ;
;     -- hard_block:auto_generated_inst       ; 49                    ; 0                              ;
;                                             ;                       ;                                ;
; Partition Interface                         ;                       ;                                ;
;     -- Input Ports                          ; 23                    ; 1                              ;
;     -- Output Ports                         ; 43                    ; 1                              ;
;     -- Bidir Ports                          ; 0                     ; 0                              ;
;                                             ;                       ;                                ;
; Registered Ports                            ;                       ;                                ;
;     -- Registered Input Ports               ; 0                     ; 0                              ;
;     -- Registered Output Ports              ; 0                     ; 0                              ;
;                                             ;                       ;                                ;
; Port Connectivity                           ;                       ;                                ;
;     -- Input Ports driven by GND            ; 0                     ; 0                              ;
;     -- Output Ports driven by GND           ; 0                     ; 0                              ;
;     -- Input Ports driven by VCC            ; 0                     ; 0                              ;
;     -- Output Ports driven by VCC           ; 0                     ; 0                              ;
;     -- Input Ports with no Source           ; 0                     ; 0                              ;
;     -- Output Ports with no Source          ; 0                     ; 0                              ;
;     -- Input Ports with no Fanout           ; 0                     ; 0                              ;
;     -- Output Ports with no Fanout          ; 0                     ; 0                              ;
+---------------------------------------------+-----------------------+--------------------------------+


+----------------------------------------------------------------------------------------------------------------------------------------------------------------------------------------------------------------------------------------------------------------+
; Input Pins                                                                                                                                                                                                                                                     ;
+----------+-------+----------+--------------+--------------+-------------+-----------------------+--------------------+--------+----------------+---------------+-----------------+----------+--------------+--------------+-------------+----------------------+
; Name     ; Pin # ; I/O Bank ; X coordinate ; Y coordinate ; Cell number ; Combinational Fan-Out ; Registered Fan-Out ; Global ; Input Register ; Power Up High ; PCI I/O Enabled ; Bus Hold ; Weak Pull Up ; I/O Standard ; Termination ; Location assigned by ;
+----------+-------+----------+--------------+--------------+-------------+-----------------------+--------------------+--------+----------------+---------------+-----------------+----------+--------------+--------------+-------------+----------------------+
; CLOCK_50 ; N2    ; 2        ; 0            ; 18           ; 0           ; 5                     ; 0                  ; yes    ; no             ; no            ; no              ; no       ; Off          ; 3.3-V LVTTL  ; Off         ; User                 ;
; KEY[0]   ; G26   ; 5        ; 65           ; 27           ; 1           ; 2                     ; 0                  ; no     ; no             ; no            ; no              ; no       ; Off          ; 3.3-V LVTTL  ; Off         ; User                 ;
; KEY[1]   ; N23   ; 5        ; 65           ; 20           ; 2           ; 0                     ; 0                  ; no     ; no             ; no            ; no              ; no       ; Off          ; 3.3-V LVTTL  ; Off         ; User                 ;
; KEY[2]   ; P23   ; 6        ; 65           ; 18           ; 0           ; 0                     ; 0                  ; no     ; no             ; no            ; no              ; no       ; Off          ; 3.3-V LVTTL  ; Off         ; User                 ;
; KEY[3]   ; W26   ; 6        ; 65           ; 10           ; 2           ; 7                     ; 0                  ; no     ; no             ; no            ; no              ; no       ; Off          ; 3.3-V LVTTL  ; Off         ; User                 ;
; SW[0]    ; N25   ; 5        ; 65           ; 19           ; 0           ; 1                     ; 0                  ; no     ; no             ; no            ; no              ; no       ; Off          ; 3.3-V LVTTL  ; Off         ; User                 ;
; SW[10]   ; N1    ; 2        ; 0            ; 18           ; 1           ; 1                     ; 0                  ; no     ; no             ; no            ; no              ; no       ; Off          ; 3.3-V LVTTL  ; Off         ; User                 ;
; SW[11]   ; P1    ; 1        ; 0            ; 18           ; 3           ; 1                     ; 0                  ; no     ; no             ; no            ; no              ; no       ; Off          ; 3.3-V LVTTL  ; Off         ; User                 ;
; SW[12]   ; P2    ; 1        ; 0            ; 18           ; 2           ; 1                     ; 0                  ; no     ; no             ; no            ; no              ; no       ; Off          ; 3.3-V LVTTL  ; Off         ; User                 ;
; SW[13]   ; T7    ; 1        ; 0            ; 11           ; 0           ; 1                     ; 0                  ; no     ; no             ; no            ; no              ; no       ; Off          ; 3.3-V LVTTL  ; Off         ; User                 ;
; SW[14]   ; U3    ; 1        ; 0            ; 12           ; 0           ; 1                     ; 0                  ; no     ; no             ; no            ; no              ; no       ; Off          ; 3.3-V LVTTL  ; Off         ; User                 ;
; SW[15]   ; U4    ; 1        ; 0            ; 12           ; 1           ; 6                     ; 0                  ; no     ; no             ; no            ; no              ; no       ; Off          ; 3.3-V LVTTL  ; Off         ; User                 ;
; SW[16]   ; V1    ; 1        ; 0            ; 12           ; 2           ; 6                     ; 0                  ; no     ; no             ; no            ; no              ; no       ; Off          ; 3.3-V LVTTL  ; Off         ; User                 ;
; SW[17]   ; V2    ; 1        ; 0            ; 12           ; 3           ; 8                     ; 0                  ; no     ; no             ; no            ; no              ; no       ; Off          ; 3.3-V LVTTL  ; Off         ; User                 ;
; SW[1]    ; N26   ; 5        ; 65           ; 19           ; 1           ; 1                     ; 0                  ; no     ; no             ; no            ; no              ; no       ; Off          ; 3.3-V LVTTL  ; Off         ; User                 ;
; SW[2]    ; P25   ; 6        ; 65           ; 19           ; 2           ; 1                     ; 0                  ; no     ; no             ; no            ; no              ; no       ; Off          ; 3.3-V LVTTL  ; Off         ; User                 ;
; SW[3]    ; AE14  ; 7        ; 33           ; 0            ; 0           ; 1                     ; 0                  ; no     ; no             ; no            ; no              ; no       ; Off          ; 3.3-V LVTTL  ; Off         ; User                 ;
; SW[4]    ; AF14  ; 7        ; 33           ; 0            ; 1           ; 1                     ; 0                  ; no     ; no             ; no            ; no              ; no       ; Off          ; 3.3-V LVTTL  ; Off         ; User                 ;
; SW[5]    ; AD13  ; 8        ; 33           ; 0            ; 2           ; 1                     ; 0                  ; no     ; no             ; no            ; no              ; no       ; Off          ; 3.3-V LVTTL  ; Off         ; User                 ;
; SW[6]    ; AC13  ; 8        ; 33           ; 0            ; 3           ; 2                     ; 0                  ; no     ; no             ; no            ; no              ; no       ; Off          ; 3.3-V LVTTL  ; Off         ; User                 ;
; SW[7]    ; C13   ; 3        ; 31           ; 36           ; 2           ; 3                     ; 0                  ; no     ; no             ; no            ; no              ; no       ; Off          ; 3.3-V LVTTL  ; Off         ; User                 ;
; SW[8]    ; B13   ; 4        ; 31           ; 36           ; 0           ; 3                     ; 0                  ; no     ; no             ; no            ; no              ; no       ; Off          ; 3.3-V LVTTL  ; Off         ; User                 ;
; SW[9]    ; A13   ; 4        ; 31           ; 36           ; 1           ; 3                     ; 0                  ; no     ; no             ; no            ; no              ; no       ; Off          ; 3.3-V LVTTL  ; Off         ; User                 ;
; TD_CLK27 ; C16   ; 4        ; 37           ; 36           ; 0           ; 0                     ; 0                  ; no     ; no             ; no            ; no              ; no       ; Off          ; 3.3-V LVTTL  ; Off         ; User                 ;
+----------+-------+----------+--------------+--------------+-------------+-----------------------+--------------------+--------+----------------+---------------+-----------------+----------+--------------+--------------+-------------+----------------------+


+-----------------------------------------------------------------------------------------------------------------------------------------------------------------------------------------------------------------------------------------------------------------------------------------------------------------------------------------+
; Output Pins                                                                                                                                                                                                                                                                                                                             ;
+-----------+-------+----------+--------------+--------------+-------------+-----------------+------------------------+---------------+-----------------+------------+---------------+----------+--------------+--------------+------------------+-------------+----------------------+------+----------------------+---------------------+
; Name      ; Pin # ; I/O Bank ; X coordinate ; Y coordinate ; Cell number ; Output Register ; Output Enable Register ; Power Up High ; PCI I/O Enabled ; Open Drain ; TRI Primitive ; Bus Hold ; Weak Pull Up ; I/O Standard ; Current Strength ; Termination ; Location assigned by ; Load ; Output Enable Source ; Output Enable Group ;
+-----------+-------+----------+--------------+--------------+-------------+-----------------+------------------------+---------------+-----------------+------------+---------------+----------+--------------+--------------+------------------+-------------+----------------------+------+----------------------+---------------------+
; LEDG[0]   ; AE22  ; 7        ; 59           ; 0            ; 0           ; no              ; no                     ; no            ; no              ; no         ; no            ; no       ; Off          ; 3.3-V LVTTL  ; 24mA             ; Off         ; User                 ; 0 pF ; -                    ; -                   ;
; LEDG[1]   ; AF22  ; 7        ; 59           ; 0            ; 1           ; no              ; no                     ; no            ; no              ; no         ; no            ; no       ; Off          ; 3.3-V LVTTL  ; 24mA             ; Off         ; User                 ; 0 pF ; -                    ; -                   ;
; LEDG[2]   ; W19   ; 7        ; 59           ; 0            ; 2           ; no              ; no                     ; no            ; no              ; no         ; no            ; no       ; Off          ; 3.3-V LVTTL  ; 24mA             ; Off         ; User                 ; 0 pF ; -                    ; -                   ;
; LEDG[3]   ; V18   ; 7        ; 59           ; 0            ; 3           ; no              ; no                     ; no            ; no              ; no         ; no            ; no       ; Off          ; 3.3-V LVTTL  ; 24mA             ; Off         ; User                 ; 0 pF ; -                    ; -                   ;
; LEDG[4]   ; U18   ; 7        ; 57           ; 0            ; 0           ; no              ; no                     ; no            ; no              ; no         ; no            ; no       ; Off          ; 3.3-V LVTTL  ; 24mA             ; Off         ; User                 ; 0 pF ; -                    ; -                   ;
; LEDG[5]   ; U17   ; 7        ; 57           ; 0            ; 1           ; no              ; no                     ; no            ; no              ; no         ; no            ; no       ; Off          ; 3.3-V LVTTL  ; 24mA             ; Off         ; User                 ; 0 pF ; -                    ; -                   ;
; LEDG[6]   ; AA20  ; 7        ; 57           ; 0            ; 2           ; no              ; no                     ; no            ; no              ; no         ; no            ; no       ; Off          ; 3.3-V LVTTL  ; 24mA             ; Off         ; User                 ; 0 pF ; -                    ; -                   ;
; LEDG[7]   ; Y18   ; 7        ; 57           ; 0            ; 3           ; no              ; no                     ; no            ; no              ; no         ; no            ; no       ; Off          ; 3.3-V LVTTL  ; 24mA             ; Off         ; User                 ; 0 pF ; -                    ; -                   ;
; TD_RESET  ; C4    ; 3        ; 5            ; 36           ; 3           ; no              ; no                     ; no            ; no              ; no         ; no            ; no       ; Off          ; 3.3-V LVTTL  ; 24mA             ; Off         ; User                 ; 0 pF ; -                    ; -                   ;
; VGA_BLANK ; D6    ; 3        ; 11           ; 36           ; 2           ; no              ; no                     ; no            ; no              ; no         ; no            ; no       ; Off          ; 3.3-V LVTTL  ; 24mA             ; Off         ; User                 ; 0 pF ; -                    ; -                   ;
; VGA_B[0]  ; J13   ; 3        ; 24           ; 36           ; 1           ; no              ; no                     ; no            ; no              ; no         ; no            ; no       ; Off          ; 3.3-V LVTTL  ; 24mA             ; Off         ; User                 ; 0 pF ; -                    ; -                   ;
; VGA_B[1]  ; J14   ; 3        ; 24           ; 36           ; 0           ; no              ; no                     ; no            ; no              ; no         ; no            ; no       ; Off          ; 3.3-V LVTTL  ; 24mA             ; Off         ; User                 ; 0 pF ; -                    ; -                   ;
; VGA_B[2]  ; F12   ; 3        ; 27           ; 36           ; 3           ; no              ; no                     ; no            ; no              ; no         ; no            ; no       ; Off          ; 3.3-V LVTTL  ; 24mA             ; Off         ; User                 ; 0 pF ; -                    ; -                   ;
; VGA_B[3]  ; G12   ; 3        ; 27           ; 36           ; 2           ; no              ; no                     ; no            ; no              ; no         ; no            ; no       ; Off          ; 3.3-V LVTTL  ; 24mA             ; Off         ; User                 ; 0 pF ; -                    ; -                   ;
; VGA_B[4]  ; J10   ; 3        ; 27           ; 36           ; 1           ; no              ; no                     ; no            ; no              ; no         ; no            ; no       ; Off          ; 3.3-V LVTTL  ; 24mA             ; Off         ; User                 ; 0 pF ; -                    ; -                   ;
; VGA_B[5]  ; J11   ; 3        ; 27           ; 36           ; 0           ; no              ; no                     ; no            ; no              ; no         ; no            ; no       ; Off          ; 3.3-V LVTTL  ; 24mA             ; Off         ; User                 ; 0 pF ; -                    ; -                   ;
; VGA_B[6]  ; C11   ; 3        ; 29           ; 36           ; 3           ; no              ; no                     ; no            ; no              ; no         ; no            ; no       ; Off          ; 3.3-V LVTTL  ; 24mA             ; Off         ; User                 ; 0 pF ; -                    ; -                   ;
; VGA_B[7]  ; B11   ; 3        ; 29           ; 36           ; 2           ; no              ; no                     ; no            ; no              ; no         ; no            ; no       ; Off          ; 3.3-V LVTTL  ; 24mA             ; Off         ; User                 ; 0 pF ; -                    ; -                   ;
; VGA_B[8]  ; C12   ; 3        ; 29           ; 36           ; 1           ; no              ; no                     ; no            ; no              ; no         ; no            ; no       ; Off          ; 3.3-V LVTTL  ; 24mA             ; Off         ; User                 ; 0 pF ; -                    ; -                   ;
; VGA_B[9]  ; B12   ; 3        ; 29           ; 36           ; 0           ; no              ; no                     ; no            ; no              ; no         ; no            ; no       ; Off          ; 3.3-V LVTTL  ; 24mA             ; Off         ; User                 ; 0 pF ; -                    ; -                   ;
; VGA_CLK   ; B8    ; 3        ; 16           ; 36           ; 1           ; no              ; no                     ; no            ; no              ; no         ; no            ; no       ; Off          ; 3.3-V LVTTL  ; 24mA             ; Off         ; User                 ; 0 pF ; -                    ; -                   ;
; VGA_G[0]  ; B9    ; 3        ; 20           ; 36           ; 3           ; no              ; no                     ; no            ; no              ; no         ; no            ; no       ; Off          ; 3.3-V LVTTL  ; 24mA             ; Off         ; User                 ; 0 pF ; -                    ; -                   ;
; VGA_G[1]  ; A9    ; 3        ; 20           ; 36           ; 2           ; no              ; no                     ; no            ; no              ; no         ; no            ; no       ; Off          ; 3.3-V LVTTL  ; 24mA             ; Off         ; User                 ; 0 pF ; -                    ; -                   ;
; VGA_G[2]  ; C10   ; 3        ; 20           ; 36           ; 1           ; no              ; no                     ; no            ; no              ; no         ; no            ; no       ; Off          ; 3.3-V LVTTL  ; 24mA             ; Off         ; User                 ; 0 pF ; -                    ; -                   ;
; VGA_G[3]  ; D10   ; 3        ; 20           ; 36           ; 0           ; no              ; no                     ; no            ; no              ; no         ; no            ; no       ; Off          ; 3.3-V LVTTL  ; 24mA             ; Off         ; User                 ; 0 pF ; -                    ; -                   ;
; VGA_G[4]  ; B10   ; 3        ; 22           ; 36           ; 3           ; no              ; no                     ; no            ; no              ; no         ; no            ; no       ; Off          ; 3.3-V LVTTL  ; 24mA             ; Off         ; User                 ; 0 pF ; -                    ; -                   ;
; VGA_G[5]  ; A10   ; 3        ; 22           ; 36           ; 2           ; no              ; no                     ; no            ; no              ; no         ; no            ; no       ; Off          ; 3.3-V LVTTL  ; 24mA             ; Off         ; User                 ; 0 pF ; -                    ; -                   ;
; VGA_G[6]  ; G11   ; 3        ; 22           ; 36           ; 1           ; no              ; no                     ; no            ; no              ; no         ; no            ; no       ; Off          ; 3.3-V LVTTL  ; 24mA             ; Off         ; User                 ; 0 pF ; -                    ; -                   ;
; VGA_G[7]  ; D11   ; 3        ; 22           ; 36           ; 0           ; no              ; no                     ; no            ; no              ; no         ; no            ; no       ; Off          ; 3.3-V LVTTL  ; 24mA             ; Off         ; User                 ; 0 pF ; -                    ; -                   ;
; VGA_G[8]  ; E12   ; 3        ; 24           ; 36           ; 3           ; no              ; no                     ; no            ; no              ; no         ; no            ; no       ; Off          ; 3.3-V LVTTL  ; 24mA             ; Off         ; User                 ; 0 pF ; -                    ; -                   ;
; VGA_G[9]  ; D12   ; 3        ; 24           ; 36           ; 2           ; no              ; no                     ; no            ; no              ; no         ; no            ; no       ; Off          ; 3.3-V LVTTL  ; 24mA             ; Off         ; User                 ; 0 pF ; -                    ; -                   ;
; VGA_HS    ; A7    ; 3        ; 11           ; 36           ; 0           ; no              ; no                     ; no            ; no              ; no         ; no            ; no       ; Off          ; 3.3-V LVTTL  ; 24mA             ; Off         ; User                 ; 0 pF ; -                    ; -                   ;
; VGA_R[0]  ; C8    ; 3        ; 14           ; 36           ; 2           ; no              ; no                     ; no            ; no              ; no         ; no            ; no       ; Off          ; 3.3-V LVTTL  ; 24mA             ; Off         ; User                 ; 0 pF ; -                    ; -                   ;
; VGA_R[1]  ; F10   ; 3        ; 14           ; 36           ; 1           ; no              ; no                     ; no            ; no              ; no         ; no            ; no       ; Off          ; 3.3-V LVTTL  ; 24mA             ; Off         ; User                 ; 0 pF ; -                    ; -                   ;
; VGA_R[2]  ; G10   ; 3        ; 14           ; 36           ; 0           ; no              ; no                     ; no            ; no              ; no         ; no            ; no       ; Off          ; 3.3-V LVTTL  ; 24mA             ; Off         ; User                 ; 0 pF ; -                    ; -                   ;
; VGA_R[3]  ; D9    ; 3        ; 16           ; 36           ; 3           ; no              ; no                     ; no            ; no              ; no         ; no            ; no       ; Off          ; 3.3-V LVTTL  ; 24mA             ; Off         ; User                 ; 0 pF ; -                    ; -                   ;
; VGA_R[4]  ; C9    ; 3        ; 16           ; 36           ; 2           ; no              ; no                     ; no            ; no              ; no         ; no            ; no       ; Off          ; 3.3-V LVTTL  ; 24mA             ; Off         ; User                 ; 0 pF ; -                    ; -                   ;
; VGA_R[5]  ; A8    ; 3        ; 16           ; 36           ; 0           ; no              ; no                     ; no            ; no              ; no         ; no            ; no       ; Off          ; 3.3-V LVTTL  ; 24mA             ; Off         ; User                 ; 0 pF ; -                    ; -                   ;
; VGA_R[6]  ; H11   ; 3        ; 18           ; 36           ; 3           ; no              ; no                     ; no            ; no              ; no         ; no            ; no       ; Off          ; 3.3-V LVTTL  ; 24mA             ; Off         ; User                 ; 0 pF ; -                    ; -                   ;
; VGA_R[7]  ; H12   ; 3        ; 18           ; 36           ; 2           ; no              ; no                     ; no            ; no              ; no         ; no            ; no       ; Off          ; 3.3-V LVTTL  ; 24mA             ; Off         ; User                 ; 0 pF ; -                    ; -                   ;
; VGA_R[8]  ; F11   ; 3        ; 18           ; 36           ; 1           ; no              ; no                     ; no            ; no              ; no         ; no            ; no       ; Off          ; 3.3-V LVTTL  ; 24mA             ; Off         ; User                 ; 0 pF ; -                    ; -                   ;
; VGA_R[9]  ; E10   ; 3        ; 18           ; 36           ; 0           ; no              ; no                     ; no            ; no              ; no         ; no            ; no       ; Off          ; 3.3-V LVTTL  ; 24mA             ; Off         ; User                 ; 0 pF ; -                    ; -                   ;
; VGA_SYNC  ; B7    ; 3        ; 11           ; 36           ; 1           ; no              ; no                     ; no            ; no              ; no         ; no            ; no       ; Off          ; 3.3-V LVTTL  ; 24mA             ; Off         ; User                 ; 0 pF ; -                    ; -                   ;
; VGA_VS    ; D8    ; 3        ; 14           ; 36           ; 3           ; no              ; no                     ; no            ; no              ; no         ; no            ; no       ; Off          ; 3.3-V LVTTL  ; 24mA             ; Off         ; User                 ; 0 pF ; -                    ; -                   ;
+-----------+-------+----------+--------------+--------------+-------------+-----------------+------------------------+---------------+-----------------+------------+---------------+----------+--------------+--------------+------------------+-------------+----------------------+------+----------------------+---------------------+


+------------------------------------------------------------+
; I/O Bank Usage                                             ;
+----------+------------------+---------------+--------------+
; I/O Bank ; Usage            ; VCCIO Voltage ; VREF Voltage ;
+----------+------------------+---------------+--------------+
; 1        ; 7 / 64 ( 11 % )  ; 3.3V          ; --           ;
; 2        ; 4 / 59 ( 7 % )   ; 3.3V          ; --           ;
; 3        ; 37 / 56 ( 66 % ) ; 3.3V          ; --           ;
; 4        ; 3 / 58 ( 5 % )   ; 3.3V          ; --           ;
; 5        ; 4 / 65 ( 6 % )   ; 3.3V          ; --           ;
; 6        ; 4 / 59 ( 7 % )   ; 3.3V          ; --           ;
; 7        ; 10 / 58 ( 17 % ) ; 3.3V          ; --           ;
